2016/2/20 下午 06:43:56	此記錄檔包含有關使用者 'Administrator' 在電腦 'WIN2012' 上將結構描述匯入專案 'db' 之作業的資訊。
2016/2/20 下午 06:43:56	資料庫結構描述匯入已啟動。
2016/2/20 下午 06:43:59	正在蒐集資料庫選項
2016/2/20 下午 06:43:59	正在蒐集使用者
2016/2/20 下午 06:43:59	正在蒐集角色
2016/2/20 下午 06:43:59	正在蒐集應用程式角色
2016/2/20 下午 06:43:59	正在蒐集角色成員資格
2016/2/20 下午 06:43:59	正在蒐集檔案群組
2016/2/20 下午 06:44:00	正在蒐集全文檢索目錄
2016/2/20 下午 06:44:00	正在蒐集組件
2016/2/20 下午 06:44:00	正在蒐集憑證
2016/2/20 下午 06:44:00	正在蒐集非對稱金鑰
2016/2/20 下午 06:44:00	正在蒐集對稱金鑰
2016/2/20 下午 06:44:00	正在蒐集加密的對稱金鑰
2016/2/20 下午 06:44:00	正在蒐集結構描述
2016/2/20 下午 06:44:00	正在蒐集 XML 結構描述集合
2016/2/20 下午 06:44:00	正在蒐集使用者定義資料型別
2016/2/20 下午 06:44:00	正在蒐集使用者定義型別
2016/2/20 下午 06:44:00	正在蒐集資料表類型
2016/2/20 下午 06:44:00	正在蒐集資料表類型的唯一索引鍵
2016/2/20 下午 06:44:00	正在蒐集資料表類型的主索引鍵
2016/2/20 下午 06:44:00	正在蒐集資料表類型的檢查條件約束
2016/2/20 下午 06:44:00	正在蒐集資料表類型的預設條件約束
2016/2/20 下午 06:44:00	正在蒐集資料分割函式
2016/2/20 下午 06:44:00	正在蒐集資料分割配置
2016/2/20 下午 06:44:00	正在蒐集函式
2016/2/20 下午 06:44:00	正在蒐集加密的函式
2016/2/20 下午 06:44:00	正在蒐集彙總
2016/2/20 下午 06:44:00	正在蒐集程序
2016/2/20 下午 06:44:00	正在蒐集加密的程序
2016/2/20 下午 06:44:00	正在蒐集資料表
2016/2/20 下午 06:44:00	正在蒐集主索引鍵
2016/2/20 下午 06:44:00	正在蒐集唯一的條件約束
2016/2/20 下午 06:44:00	正在蒐集外部索引鍵
2016/2/20 下午 06:44:00	正在蒐集預設條件約束
2016/2/20 下午 06:44:00	正在蒐集檢查條件約束
2016/2/20 下午 06:44:00	正在蒐集檢視
2016/2/20 下午 06:44:00	正在蒐集加密的檢視表
2016/2/20 下午 06:44:00	正在蒐集索引
2016/2/20 下午 06:44:00	正在蒐集統計資料
2016/2/20 下午 06:44:00	正在蒐集全文檢索索引停用字詞表
2016/2/20 下午 06:44:00	正在蒐集搜尋屬性清單
2016/2/20 下午 06:44:00	正在蒐集搜尋屬性
2016/2/20 下午 06:44:00	正在蒐集全文檢索索引
2016/2/20 下午 06:44:00	正在蒐集資料行儲存索引
2016/2/20 下午 06:44:00	正在蒐集空間索引
2016/2/20 下午 06:44:00	正在蒐集 XML 索引
2016/2/20 下午 06:44:00	正在蒐集選擇性 XML 索引
2016/2/20 下午 06:44:00	正在蒐集加密的觸發程序
2016/2/20 下午 06:44:00	正在蒐集觸發程序
2016/2/20 下午 06:44:00	正在蒐集加密的和 CLR DDL 觸發程序
2016/2/20 下午 06:44:00	正在蒐集 DDL 觸發程序
2016/2/20 下午 06:44:00	正在蒐集同義資料表
2016/2/20 下午 06:44:00	正在蒐集預設值
2016/2/20 下午 06:44:00	正在蒐集資料條件約束 UDDT 繫結
2016/2/20 下午 06:44:00	正在蒐集規則
2016/2/20 下午 06:44:00	正在蒐集資料條件約束 UDDT 繫結
2016/2/20 下午 06:44:00	正在蒐集訊息類型
2016/2/20 下午 06:44:00	正在蒐集佇列
2016/2/20 下午 06:44:00	正在蒐集合約
2016/2/20 下午 06:44:00	正在蒐集服務
2016/2/20 下午 06:44:00	正在蒐集事件告知
2016/2/20 下午 06:44:00	正在蒐集遠端服務繫結
2016/2/20 下午 06:44:00	正在蒐集 Broker 優先權
2016/2/20 下午 06:44:00	正在蒐集簽章
2016/2/20 下午 06:44:00	正在蒐集資料壓縮選項
2016/2/20 下午 06:44:00	正在蒐集序列類型
2016/2/20 下午 06:44:00	正在蒐集擴充屬性
2016/2/20 下午 06:44:00	正在蒐集認證
2016/2/20 下午 06:44:00	正在蒐集登入
2016/2/20 下午 06:44:00	正在蒐集伺服器稽核
2016/2/20 下午 06:44:00	正在掃描專案的重複項目
2016/2/20 下午 06:44:00	完成複製項目處理
2016/2/20 下午 06:44:01	完成匯入資料庫。
2016/2/20 下午 06:44:01	匯入的摘要已儲存到下列位置: C:\ams\lib\db\匯入結構描述記錄\db_20160220104356.log
2016/2/20 下午 06:44:01	按 [完成] 繼續進行...
